<?xml version="1.0" encoding="UTF-8"?>
<!-- Generated by org.testng.reporters.JUnitReportReporter -->
<testsuite hostname="admin-PC" failures="0" tests="1" name="com.GetDetailsofPushpaMovie.TestCases.ValidationDateandCountryWIKI" time="0.341" errors="0" timestamp="2022-09-05T21:39:57 IST" skipped="0">
  <testcase classname="com.GetDetailsofPushpaMovie.TestCases.ValidationDateandCountryWIKI" name="ComparisonofDateandCountry" time="0.341"/>
  <system-out/>
</testsuite> <!-- com.GetDetailsofPushpaMovie.TestCases.ValidationDateandCountryWIKI -->
